[2026-05-05 14:42:57,155] INFO - users.views - profile_edit():97 - Пользователь Voron обновил свой профиль
[2026-05-05 15:22:54,286] WARNING - users.views - profile_edit():101 - Ошибки валидации при редактировании профиля пользователя Voron: {"avatar": [{"message": "\u0417\u0430\u0433\u0440\u0443\u0437\u0438\u0442\u0435 \u043f\u0440\u0430\u0432\u0438\u043b\u044c\u043d\u043e\u0435 \u0438\u0437\u043e\u0431\u0440\u0430\u0436\u0435\u043d\u0438\u0435. \u0424\u0430\u0439\u043b, \u043a\u043e\u0442\u043e\u0440\u044b\u0439 \u0432\u044b \u0437\u0430\u0433\u0440\u0443\u0437\u0438\u043b\u0438, \u043f\u043e\u0432\u0440\u0435\u0436\u0434\u0435\u043d \u0438\u043b\u0438 \u043d\u0435 \u044f\u0432\u043b\u044f\u0435\u0442\u0441\u044f \u0438\u0437\u043e\u0431\u0440\u0430\u0436\u0435\u043d\u0438\u0435\u043c.", "code": "invalid_image"}]}
[2026-05-12 14:05:44,309] WARNING - users.views - register():27 - Ошибки валидации при регистрации: {"username": [{"message": "\u041f\u043e\u043b\u044c\u0437\u043e\u0432\u0430\u0442\u0435\u043b\u044c \u0441 \u0442\u0430\u043a\u0438\u043c \u0438\u043c\u0435\u043d\u0435\u043c \u0443\u0436\u0435 \u0441\u0443\u0449\u0435\u0441\u0442\u0432\u0443\u0435\u0442.", "code": "unique"}], "email": [{"message": "\u041f\u043e\u043b\u044c\u0437\u043e\u0432\u0430\u0442\u0435\u043b\u044c \u0441 \u0442\u0430\u043a\u0438\u043c Email \u0443\u0436\u0435 \u0441\u0443\u0449\u0435\u0441\u0442\u0432\u0443\u0435\u0442.", "code": "unique"}]}
[2026-05-12 14:57:47,717] INFO - django.utils.autoreload - run_with_reloader():667 - Watching for file changes with StatReloader
[2026-05-12 14:57:50,303] INFO - django.server - log_message():213 - "GET / HTTP/1.1" 200 1101
[2026-05-12 14:57:50,392] WARNING - django.server - log_message():213 - "GET /static/css/style.css HTTP/1.1" 404 1853
[2026-05-12 14:57:50,430] WARNING - django.server - log_message():213 - "GET /static/css/style.css HTTP/1.1" 404 1853
[2026-05-12 14:57:52,118] INFO - django.server - log_message():213 - "GET /auth/login/ HTTP/1.1" 200 812
[2026-05-12 14:57:53,013] INFO - django.server - log_message():213 - "GET /auth/password_reset/ HTTP/1.1" 200 775
[2026-05-12 14:58:09,480] INFO - django.server - log_message():213 - "POST /auth/password_reset/ HTTP/1.1" 302 0
[2026-05-12 14:58:09,486] INFO - django.server - log_message():213 - "GET /auth/password_reset/done/ HTTP/1.1" 200 327
[2026-05-12 14:58:23,880] INFO - django.server - log_message():213 - "GET /auth/reset/NA/d8h08v-2eb1031e7de8c3e8bf0706964bce9ad3/ HTTP/1.1" 302 0
[2026-05-12 14:58:23,909] INFO - django.server - log_message():213 - "GET /auth/reset/NA/set-password/ HTTP/1.1" 200 1632
[2026-05-12 14:58:38,081] INFO - django.server - log_message():213 - "POST /auth/reset/NA/set-password/ HTTP/1.1" 200 1834
[2026-05-12 14:58:56,504] INFO - django.server - log_message():213 - "POST /auth/reset/NA/set-password/ HTTP/1.1" 302 0
[2026-05-12 14:58:56,512] INFO - django.server - log_message():213 - "GET /auth/reset/done/ HTTP/1.1" 200 274
[2026-05-12 14:59:02,513] INFO - django.server - log_message():213 - "GET /auth/login/ HTTP/1.1" 200 812
[2026-05-12 14:59:12,015] INFO - django.server - log_message():213 - "POST /auth/login/ HTTP/1.1" 302 0
[2026-05-12 14:59:12,029] INFO - django.server - log_message():213 - "GET / HTTP/1.1" 200 1957
[2026-05-12 14:59:12,041] WARNING - django.server - log_message():213 - "GET /static/css/style.css HTTP/1.1" 404 1853
[2026-05-12 14:59:23,968] INFO - django.server - log_message():213 - "GET /users/Voron/ HTTP/1.1" 200 2386
[2026-05-12 14:59:23,983] WARNING - django.server - log_message():213 - "GET /static/css/style.css HTTP/1.1" 404 1853
[2026-05-12 14:59:24,046] INFO - django.server - log_message():213 - "GET /media/avatars/%D0%BF%D1%83%D0%B4%D0%B6.jpg HTTP/1.1" 200 6093
[2026-05-12 14:59:37,862] INFO - django.server - log_message():213 - "GET /profile/edit/ HTTP/1.1" 200 4076
[2026-05-12 14:59:37,877] WARNING - django.server - log_message():213 - "GET /static/css/style.css HTTP/1.1" 404 1853
[2026-05-12 14:59:46,708] INFO - users.views - profile_edit():97 - Пользователь Voron обновил свой профиль
[2026-05-12 14:59:46,717] INFO - django.server - log_message():213 - "POST /profile/edit/ HTTP/1.1" 302 0
[2026-05-12 14:59:46,731] INFO - django.server - log_message():213 - "GET /users/Voron/ HTTP/1.1" 200 2512
[2026-05-12 14:59:46,745] WARNING - django.server - log_message():213 - "GET /static/css/style.css HTTP/1.1" 404 1853
[2026-05-12 14:59:46,746] INFO - django.server - log_message():213 - "GET /media/avatars/%D0%B3%D0%B5%D0%B9%D0%B1_2.jfif HTTP/1.1" 200 16326
[2026-05-12 15:09:45,968] INFO - django.server - log_message():213 - "GET /profile/edit/ HTTP/1.1" 200 4082
[2026-05-12 15:09:46,005] WARNING - django.server - log_message():213 - "GET /static/css/style.css HTTP/1.1" 404 1853
[2026-05-12 15:09:52,867] ERROR - django.request - log_response():253 - Internal Server Error: /profile/edit/
Traceback (most recent call last):
  File "C:\Users\Иван\AppData\Local\Packages\PythonSoftwareFoundation.Python.3.11_qbz5n2kfra8p0\LocalCache\local-packages\Python311\site-packages\django\core\handlers\exception.py", line 55, in inner
    response = get_response(request)
               ^^^^^^^^^^^^^^^^^^^^^
  File "C:\Users\Иван\AppData\Local\Packages\PythonSoftwareFoundation.Python.3.11_qbz5n2kfra8p0\LocalCache\local-packages\Python311\site-packages\django\core\handlers\base.py", line 197, in _get_response
    response = wrapped_callback(request, *callback_args, **callback_kwargs)
               ^^^^^^^^^^^^^^^^^^^^^^^^^^^^^^^^^^^^^^^^^^^^^^^^^^^^^^^^^^^^
  File "C:\Users\Иван\AppData\Local\Packages\PythonSoftwareFoundation.Python.3.11_qbz5n2kfra8p0\LocalCache\local-packages\Python311\site-packages\django\contrib\auth\decorators.py", line 59, in _view_wrapper
    return view_func(request, *args, **kwargs)
           ^^^^^^^^^^^^^^^^^^^^^^^^^^^^^^^^^^^
  File "C:\Users\Иван\Desktop\МП\project_2\users\views.py", line 89, in profile_edit
    if avatar and not avatar.content_type.startswith('image/'):
                      ^^^^^^^^^^^^^^^^^^^
AttributeError: 'ImageFieldFile' object has no attribute 'content_type'
[2026-05-12 15:09:52,889] ERROR - django.server - log_message():213 - "POST /profile/edit/ HTTP/1.1" 500 78895
[2026-05-12 15:09:59,659] WARNING - django.server - log_message():213 - "GET /static/css/style.css HTTP/1.1" 404 1853
[2026-05-12 15:10:13,745] ERROR - django.request - log_response():253 - Internal Server Error: /profile/edit/
Traceback (most recent call last):
  File "C:\Users\Иван\AppData\Local\Packages\PythonSoftwareFoundation.Python.3.11_qbz5n2kfra8p0\LocalCache\local-packages\Python311\site-packages\django\core\handlers\exception.py", line 55, in inner
    response = get_response(request)
               ^^^^^^^^^^^^^^^^^^^^^
  File "C:\Users\Иван\AppData\Local\Packages\PythonSoftwareFoundation.Python.3.11_qbz5n2kfra8p0\LocalCache\local-packages\Python311\site-packages\django\core\handlers\base.py", line 197, in _get_response
    response = wrapped_callback(request, *callback_args, **callback_kwargs)
               ^^^^^^^^^^^^^^^^^^^^^^^^^^^^^^^^^^^^^^^^^^^^^^^^^^^^^^^^^^^^
  File "C:\Users\Иван\AppData\Local\Packages\PythonSoftwareFoundation.Python.3.11_qbz5n2kfra8p0\LocalCache\local-packages\Python311\site-packages\django\contrib\auth\decorators.py", line 59, in _view_wrapper
    return view_func(request, *args, **kwargs)
           ^^^^^^^^^^^^^^^^^^^^^^^^^^^^^^^^^^^
  File "C:\Users\Иван\Desktop\МП\project_2\users\views.py", line 89, in profile_edit
    if avatar and not avatar.content_type.startswith('image/'):
                      ^^^^^^^^^^^^^^^^^^^
AttributeError: 'ImageFieldFile' object has no attribute 'content_type'
[2026-05-12 15:10:13,763] ERROR - django.server - log_message():213 - "POST /profile/edit/ HTTP/1.1" 500 78895
[2026-05-12 15:10:23,574] WARNING - django.server - log_message():213 - "GET /static/css/style.css HTTP/1.1" 404 1853
[2026-05-12 15:10:27,701] INFO - users.views - profile_edit():97 - Пользователь Voron обновил свой профиль
[2026-05-12 15:10:27,715] INFO - django.server - log_message():213 - "POST /profile/edit/ HTTP/1.1" 302 0
[2026-05-12 15:10:27,746] INFO - django.server - log_message():213 - "GET /users/Voron/ HTTP/1.1" 200 2578
[2026-05-12 15:10:27,780] WARNING - django.server - log_message():213 - "GET /static/css/style.css HTTP/1.1" 404 1853
[2026-05-12 15:10:52,001] INFO - django.server - log_message():213 - "GET /profile/edit/ HTTP/1.1" 200 3827
[2026-05-12 15:10:52,058] WARNING - django.server - log_message():213 - "GET /static/css/style.css HTTP/1.1" 404 1853
[2026-05-12 15:11:08,538] INFO - users.views - profile_edit():97 - Пользователь Voron обновил свой профиль
[2026-05-12 15:11:08,551] INFO - django.server - log_message():213 - "POST /profile/edit/ HTTP/1.1" 302 0
[2026-05-12 15:11:08,585] INFO - django.server - log_message():213 - "GET /users/Voron/ HTTP/1.1" 200 2578
[2026-05-12 15:11:08,615] WARNING - django.server - log_message():213 - "GET /static/css/style.css HTTP/1.1" 404 1853
[2026-05-12 15:11:10,938] INFO - django.server - log_message():213 - "GET /profile/edit/ HTTP/1.1" 200 3827
[2026-05-12 15:11:10,969] WARNING - django.server - log_message():213 - "GET /static/css/style.css HTTP/1.1" 404 1853
[2026-05-12 15:11:21,493] WARNING - users.views - profile_edit():101 - Ошибки валидации при редактировании профиля пользователя Voron: {"avatar": [{"message": "\u0417\u0430\u0433\u0440\u0443\u0437\u0438\u0442\u0435 \u043f\u0440\u0430\u0432\u0438\u043b\u044c\u043d\u043e\u0435 \u0438\u0437\u043e\u0431\u0440\u0430\u0436\u0435\u043d\u0438\u0435. \u0424\u0430\u0439\u043b, \u043a\u043e\u0442\u043e\u0440\u044b\u0439 \u0432\u044b \u0437\u0430\u0433\u0440\u0443\u0437\u0438\u043b\u0438, \u043f\u043e\u0432\u0440\u0435\u0436\u0434\u0435\u043d \u0438\u043b\u0438 \u043d\u0435 \u044f\u0432\u043b\u044f\u0435\u0442\u0441\u044f \u0438\u0437\u043e\u0431\u0440\u0430\u0436\u0435\u043d\u0438\u0435\u043c.", "code": "invalid_image"}]}
[2026-05-12 15:11:21,511] INFO - django.server - log_message():213 - "POST /profile/edit/ HTTP/1.1" 200 4129
[2026-05-12 15:11:21,542] WARNING - django.server - log_message():213 - "GET /static/css/style.css HTTP/1.1" 404 1853
[2026-05-12 15:11:56,194] INFO - users.views - profile_edit():97 - Пользователь Voron обновил свой профиль
[2026-05-12 15:11:56,207] INFO - django.server - log_message():213 - "POST /profile/edit/ HTTP/1.1" 302 0
[2026-05-12 15:11:56,241] INFO - django.server - log_message():213 - "GET /users/Voron/ HTTP/1.1" 200 2572
[2026-05-12 15:11:56,276] WARNING - django.server - log_message():213 - "GET /static/css/style.css HTTP/1.1" 404 1853
[2026-05-12 15:11:56,278] INFO - django.server - log_message():213 - "GET /media/avatars/%D0%B3%D0%B5%D0%B9%D0%B1_2_AOSWa9b.jfif HTTP/1.1" 200 16326
[2026-05-12 15:12:27,456] INFO - django.server - log_message():213 - "GET /profile/edit/ HTTP/1.1" 200 4101
[2026-05-12 15:12:27,485] WARNING - django.server - log_message():213 - "GET /static/css/style.css HTTP/1.1" 404 1853
[2026-05-12 15:12:33,415] ERROR - django.request - log_response():253 - Internal Server Error: /profile/edit/
Traceback (most recent call last):
  File "C:\Users\Иван\AppData\Local\Packages\PythonSoftwareFoundation.Python.3.11_qbz5n2kfra8p0\LocalCache\local-packages\Python311\site-packages\django\core\handlers\exception.py", line 55, in inner
    response = get_response(request)
               ^^^^^^^^^^^^^^^^^^^^^
  File "C:\Users\Иван\AppData\Local\Packages\PythonSoftwareFoundation.Python.3.11_qbz5n2kfra8p0\LocalCache\local-packages\Python311\site-packages\django\core\handlers\base.py", line 197, in _get_response
    response = wrapped_callback(request, *callback_args, **callback_kwargs)
               ^^^^^^^^^^^^^^^^^^^^^^^^^^^^^^^^^^^^^^^^^^^^^^^^^^^^^^^^^^^^
  File "C:\Users\Иван\AppData\Local\Packages\PythonSoftwareFoundation.Python.3.11_qbz5n2kfra8p0\LocalCache\local-packages\Python311\site-packages\django\contrib\auth\decorators.py", line 59, in _view_wrapper
    return view_func(request, *args, **kwargs)
           ^^^^^^^^^^^^^^^^^^^^^^^^^^^^^^^^^^^
  File "C:\Users\Иван\Desktop\МП\project_2\users\views.py", line 89, in profile_edit
    if avatar and not avatar.content_type.startswith('image/'):
                      ^^^^^^^^^^^^^^^^^^^
AttributeError: 'ImageFieldFile' object has no attribute 'content_type'
[2026-05-12 15:12:33,431] ERROR - django.server - log_message():213 - "POST /profile/edit/ HTTP/1.1" 500 78908
[2026-05-12 15:12:34,598] WARNING - django.server - log_message():213 - "GET /static/css/style.css HTTP/1.1" 404 1853
[2026-05-12 15:12:36,561] INFO - users.views - profile_edit():97 - Пользователь Voron обновил свой профиль
[2026-05-12 15:12:36,574] INFO - django.server - log_message():213 - "POST /profile/edit/ HTTP/1.1" 302 0
[2026-05-12 15:12:36,607] INFO - django.server - log_message():213 - "GET /users/Voron/ HTTP/1.1" 200 2583
[2026-05-12 15:12:36,637] WARNING - django.server - log_message():213 - "GET /static/css/style.css HTTP/1.1" 404 1853
[2026-05-12 15:12:41,608] INFO - django.server - log_message():213 - "GET /profile/edit/ HTTP/1.1" 200 3832
[2026-05-12 15:12:41,653] WARNING - django.server - log_message():213 - "GET /static/css/style.css HTTP/1.1" 404 1853
[2026-05-12 15:12:44,397] INFO - users.views - profile_edit():97 - Пользователь Voron обновил свой профиль
[2026-05-12 15:12:44,409] INFO - django.server - log_message():213 - "POST /profile/edit/ HTTP/1.1" 302 0
[2026-05-12 15:12:44,440] INFO - django.server - log_message():213 - "GET /users/Voron/ HTTP/1.1" 200 2586
[2026-05-12 15:12:44,470] WARNING - django.server - log_message():213 - "GET /static/css/style.css HTTP/1.1" 404 1853
[2026-05-12 15:15:23,732] INFO - django.utils.autoreload - trigger_reload():265 - C:\Users\Иван\Desktop\МП\project_2\users\views.py changed, reloading.
[2026-05-12 15:15:24,505] INFO - django.utils.autoreload - run_with_reloader():667 - Watching for file changes with StatReloader
[2026-05-12 15:15:31,022] INFO - django.server - log_message():213 - "GET /profile/edit/ HTTP/1.1" 200 3835
[2026-05-12 15:15:31,034] WARNING - django.server - log_message():213 - "GET /static/css/style.css HTTP/1.1" 404 1853
[2026-05-12 15:15:34,911] INFO - users.views - profile_edit():112 - Пользователь Voron обновил свой профиль и загрузил новую аватарку
[2026-05-12 15:15:34,918] INFO - django.server - log_message():213 - "POST /profile/edit/ HTTP/1.1" 302 0
[2026-05-12 15:15:34,950] INFO - django.server - log_message():213 - "GET /users/Voron/ HTTP/1.1" 200 2580
[2026-05-12 15:15:34,965] WARNING - django.server - log_message():213 - "GET /static/css/style.css HTTP/1.1" 404 1853
[2026-05-12 15:15:35,032] INFO - django.server - log_message():213 - "GET /media/avatars/%D0%B3%D0%B5%D0%B9%D0%B1_2_phhjwV7.jfif HTTP/1.1" 200 16326
[2026-05-12 15:15:35,709] INFO - django.server - log_message():213 - "GET /profile/edit/ HTTP/1.1" 200 4109
[2026-05-12 15:15:35,722] WARNING - django.server - log_message():213 - "GET /static/css/style.css HTTP/1.1" 404 1853
[2026-05-12 15:15:38,626] ERROR - users.views - profile_edit():103 - Ошибка при проверке аватара: 'ImageFieldFile' object has no attribute 'content_type'
Traceback (most recent call last):
  File "C:\Users\Иван\Desktop\МП\project_2\users\views.py", line 97, in profile_edit
    if not avatar.content_type.startswith('image/'):
           ^^^^^^^^^^^^^^^^^^^
AttributeError: 'ImageFieldFile' object has no attribute 'content_type'
[2026-05-12 15:15:38,637] INFO - django.server - log_message():213 - "POST /profile/edit/ HTTP/1.1" 200 4275
[2026-05-12 15:15:38,652] WARNING - django.server - log_message():213 - "GET /static/css/style.css HTTP/1.1" 404 1853
[2026-05-12 15:17:32,753] INFO - django.utils.autoreload - trigger_reload():265 - C:\Users\Иван\Desktop\МП\project_2\users\forms.py changed, reloading.
[2026-05-12 15:17:33,521] INFO - django.utils.autoreload - run_with_reloader():667 - Watching for file changes with StatReloader
[2026-05-12 15:17:36,963] INFO - django.server - log_message():213 - "GET /users/Voron/ HTTP/1.1" 200 2457
[2026-05-12 15:17:36,980] WARNING - django.server - log_message():213 - "GET /static/css/style.css HTTP/1.1" 404 1853
[2026-05-12 15:17:36,981] INFO - django.server - log_message():213 - "GET /media/avatars/%D0%B3%D0%B5%D0%B9%D0%B1_2_phhjwV7.jfif HTTP/1.1" 304 0
[2026-05-12 15:17:37,774] INFO - django.server - log_message():213 - "GET /profile/edit/ HTTP/1.1" 200 4109
[2026-05-12 15:17:37,786] WARNING - django.server - log_message():213 - "GET /static/css/style.css HTTP/1.1" 404 1853
[2026-05-12 15:17:40,802] ERROR - users.views - profile_edit():103 - Ошибка при проверке аватара: 'ImageFieldFile' object has no attribute 'content_type'
Traceback (most recent call last):
  File "C:\Users\Иван\Desktop\МП\project_2\users\views.py", line 97, in profile_edit
    if not avatar.content_type.startswith('image/'):
           ^^^^^^^^^^^^^^^^^^^
AttributeError: 'ImageFieldFile' object has no attribute 'content_type'
[2026-05-12 15:17:40,814] INFO - django.server - log_message():213 - "POST /profile/edit/ HTTP/1.1" 200 4272
[2026-05-12 15:17:40,828] WARNING - django.server - log_message():213 - "GET /static/css/style.css HTTP/1.1" 404 1853
[2026-05-12 15:17:57,761] INFO - django.utils.autoreload - run_with_reloader():667 - Watching for file changes with StatReloader
[2026-05-12 15:18:08,946] INFO - django.server - log_message():213 - "GET /users/Voron/ HTTP/1.1" 200 2457
[2026-05-12 15:18:08,962] WARNING - django.server - log_message():213 - "GET /static/css/style.css HTTP/1.1" 404 1853
[2026-05-12 15:18:08,962] INFO - django.server - log_message():213 - "GET /media/avatars/%D0%B3%D0%B5%D0%B9%D0%B1_2_phhjwV7.jfif HTTP/1.1" 304 0
[2026-05-12 15:18:09,831] INFO - django.server - log_message():213 - "GET /profile/edit/ HTTP/1.1" 200 4109
[2026-05-12 15:18:09,846] WARNING - django.server - log_message():213 - "GET /static/css/style.css HTTP/1.1" 404 1853
[2026-05-12 15:18:17,969] ERROR - users.views - profile_edit():103 - Ошибка при проверке аватара: 'ImageFieldFile' object has no attribute 'content_type'
Traceback (most recent call last):
  File "C:\Users\Иван\Desktop\МП\project_2\users\views.py", line 97, in profile_edit
    if not avatar.content_type.startswith('image/'):
           ^^^^^^^^^^^^^^^^^^^
AttributeError: 'ImageFieldFile' object has no attribute 'content_type'
[2026-05-12 15:18:17,979] INFO - django.server - log_message():213 - "POST /profile/edit/ HTTP/1.1" 200 4273
[2026-05-12 15:18:17,993] WARNING - django.server - log_message():213 - "GET /static/css/style.css HTTP/1.1" 404 1853
[2026-05-12 15:19:00,364] INFO - django.utils.autoreload - trigger_reload():265 - C:\Users\Иван\Desktop\МП\project_2\users\views.py changed, reloading.
[2026-05-12 15:19:01,080] INFO - django.utils.autoreload - run_with_reloader():667 - Watching for file changes with StatReloader
[2026-05-12 15:19:10,186] INFO - users.views - profile_edit():107 - Пользователь Voron обновил свой профиль
[2026-05-12 15:19:10,199] INFO - django.server - log_message():213 - "POST /profile/edit/ HTTP/1.1" 302 0
[2026-05-12 15:19:10,234] INFO - django.server - log_message():213 - "GET /users/Voron/ HTTP/1.1" 200 2572
[2026-05-12 15:19:10,251] WARNING - django.server - log_message():213 - "GET /static/css/style.css HTTP/1.1" 404 1853
[2026-05-12 15:19:10,251] INFO - django.server - log_message():213 - "GET /media/avatars/%D0%B3%D0%B5%D0%B9%D0%B1_2_phhjwV7.jfif HTTP/1.1" 304 0
[2026-05-12 15:19:11,533] INFO - django.server - log_message():213 - "GET /profile/edit/ HTTP/1.1" 200 4101
[2026-05-12 15:19:11,546] WARNING - django.server - log_message():213 - "GET /static/css/style.css HTTP/1.1" 404 1853
[2026-05-12 15:19:14,638] INFO - users.views - profile_edit():107 - Пользователь Voron обновил свой профиль
[2026-05-12 15:19:14,643] INFO - django.server - log_message():213 - "POST /profile/edit/ HTTP/1.1" 302 0
[2026-05-12 15:19:14,657] INFO - django.server - log_message():213 - "GET /users/Voron/ HTTP/1.1" 200 2575
[2026-05-12 15:19:14,670] WARNING - django.server - log_message():213 - "GET /static/css/style.css HTTP/1.1" 404 1853
[2026-05-12 15:19:24,697] INFO - django.server - log_message():213 - "GET /profile/edit/ HTTP/1.1" 200 4104
[2026-05-12 15:19:24,711] WARNING - django.server - log_message():213 - "GET /static/css/style.css HTTP/1.1" 404 1853
[2026-05-12 15:19:33,269] INFO - users.views - profile_edit():107 - Пользователь Voron обновил свой профиль
[2026-05-12 15:19:33,275] INFO - django.server - log_message():213 - "POST /profile/edit/ HTTP/1.1" 302 0
[2026-05-12 15:19:33,289] INFO - django.server - log_message():213 - "GET /users/Voron/ HTTP/1.1" 200 2581
[2026-05-12 15:19:33,303] WARNING - django.server - log_message():213 - "GET /static/css/style.css HTTP/1.1" 404 1853
[2026-05-12 15:19:34,199] INFO - django.server - log_message():213 - "GET /profile/edit/ HTTP/1.1" 200 3830
[2026-05-12 15:19:34,213] WARNING - django.server - log_message():213 - "GET /static/css/style.css HTTP/1.1" 404 1853
[2026-05-12 15:19:38,844] INFO - users.views - profile_edit():105 - Пользователь Voron обновил свой профиль и загрузил новую аватарку
[2026-05-12 15:19:38,850] INFO - django.server - log_message():213 - "POST /profile/edit/ HTTP/1.1" 302 0
[2026-05-12 15:19:38,863] INFO - django.server - log_message():213 - "GET /users/Voron/ HTTP/1.1" 200 2575
[2026-05-12 15:19:38,877] WARNING - django.server - log_message():213 - "GET /static/css/style.css HTTP/1.1" 404 1853
[2026-05-12 15:19:38,943] INFO - django.server - log_message():213 - "GET /media/avatars/%D0%B3%D0%B5%D0%B9%D0%B1_2_GjEXhyy.jfif HTTP/1.1" 200 16326
[2026-05-12 15:19:39,697] INFO - django.server - log_message():213 - "GET /profile/edit/ HTTP/1.1" 200 4104
[2026-05-12 15:19:39,710] WARNING - django.server - log_message():213 - "GET /static/css/style.css HTTP/1.1" 404 1853
[2026-05-12 15:19:44,892] INFO - users.views - profile_edit():107 - Пользователь Voron обновил свой профиль
[2026-05-12 15:19:44,897] INFO - django.server - log_message():213 - "POST /profile/edit/ HTTP/1.1" 302 0
[2026-05-12 15:19:44,910] INFO - django.server - log_message():213 - "GET /users/Voron/ HTTP/1.1" 200 2588
[2026-05-12 15:19:44,923] INFO - django.server - log_message():213 - "GET /media/avatars/%D0%B3%D0%B5%D0%B9%D0%B1_2_GjEXhyy.jfif HTTP/1.1" 304 0
[2026-05-12 15:19:44,923] WARNING - django.server - log_message():213 - "GET /static/css/style.css HTTP/1.1" 404 1853
[2026-05-12 15:20:28,708] INFO - django.server - log_message():213 - "GET /profile/edit/ HTTP/1.1" 200 4117
[2026-05-12 15:20:28,721] WARNING - django.server - log_message():213 - "GET /static/css/style.css HTTP/1.1" 404 1853
[2026-05-12 15:21:47,213] INFO - users.views - profile_edit():107 - Пользователь Voron обновил свой профиль
[2026-05-12 15:21:47,228] INFO - django.server - log_message():213 - "POST /profile/edit/ HTTP/1.1" 302 0
[2026-05-12 15:21:47,261] INFO - django.server - log_message():213 - "GET /users/Voron/ HTTP/1.1" 200 2583
[2026-05-12 15:21:47,310] WARNING - django.server - log_message():213 - "GET /static/css/style.css HTTP/1.1" 404 1853
[2026-05-12 15:21:47,313] INFO - django.server - log_message():213 - "GET /media/avatars/%D0%B3%D0%B5%D0%B9%D0%B1_2_GjEXhyy.jfif HTTP/1.1" 304 0
